<?xml version="1.0" encoding="UTF-8"?>
<coverage generated="1763534805263" clover="3.2.0">
  <project timestamp="1763534805263" name="All files">
    <metrics statements="3" coveredstatements="3" conditionals="6" coveredconditionals="6" methods="2" coveredmethods="2" elements="11" coveredelements="11" complexity="0" loc="3" ncloc="3" packages="1" files="1" classes="1"/>
    <file name="gameLogic.js" path="C:\Users\8181jb\bootcamp\Game_Prerna\Game_Prerna\dodger-master\gameLogic.js">
      <metrics statements="3" coveredstatements="3" conditionals="6" coveredconditionals="6" methods="2" coveredmethods="2"/>
      <line num="2" count="2" type="cond" truecount="4" falsecount="0"/>
      <line num="9" count="2" type="cond" truecount="2" falsecount="0"/>
      <line num="12" count="1" type="stmt"/>
    </file>
  </project>
</coverage>
