{"C:\\Users\\8181jb\\bootcamp\\Game_Prerna\\Game_Prerna\\dodger-master\\gameLogic.js": {"path":"C:\\Users\\8181jb\\bootcamp\\Game_Prerna\\Game_Prerna\\dodger-master\\gameLogic.js","statementMap":{"0":{"start":{"line":2,"column":4},"end":{"line":5,"column":41}},"1":{"start":{"line":9,"column":4},"end":{"line":9,"column":44}},"2":{"start":{"line":12,"column":0},"end":{"line":15,"column":2}}},"fnMap":{"0":{"name":"checkCollisionBetween","decl":{"start":{"line":1,"column":9},"end":{"line":1,"column":30}},"loc":{"start":{"line":1,"column":42},"end":{"line":6,"column":1}},"line":1},"1":{"name":"isWithinBounds","decl":{"start":{"line":8,"column":9},"end":{"line":8,"column":23}},"loc":{"start":{"line":8,"column":47},"end":{"line":10,"column":1}},"line":8}},"branchMap":{"0":{"loc":{"start":{"line":2,"column":11},"end":{"line":5,"column":40}},"type":"binary-expr","locations":[{"start":{"line":2,"column":11},"end":{"line":2,"column":39}},{"start":{"line":3,"column":11},"end":{"line":3,"column":39}},{"start":{"line":4,"column":11},"end":{"line":4,"column":40}},{"start":{"line":5,"column":11},"end":{"line":5,"column":40}}],"line":2},"1":{"loc":{"start":{"line":9,"column":11},"end":{"line":9,"column":44}},"type":"binary-expr","locations":[{"start":{"line":9,"column":11},"end":{"line":9,"column":16}},{"start":{"line":9,"column":20},"end":{"line":9,"column":44}}],"line":9}},"s":{"0":2,"1":2,"2":1},"f":{"0":2,"1":2},"b":{"0":[2,2,1,1],"1":[2,2]},"_coverageSchema":"1a1c01bbd47fc00a2c39e90264f33305004495a9","hash":"a5fc5ab337277423b0a9ac3f776c644f050e2642"}
}
